[01m[K/home/jethro/catkin_ws/src/continuous_yaw/src/continuous_yaw.cpp:[m[K In function â€˜[01m[Kvoid CalcAngle(gazebo_msgs::ModelStates)[m[Kâ€™:
[01m[K/home/jethro/catkin_ws/src/continuous_yaw/src/continuous_yaw.cpp:111:65:[m[K [01;31m[Kerror: [m[Kâ€˜[01m[Ktime_taken[m[Kâ€™ was not declared in this scope
     double pred_velocity = CalcVelocity(dist_travelled_by_veh2, [01;31m[Ktime_taken[m[K);
                                                                 [01;31m[K^~~~~~~~~~[m[K
[01m[K/home/jethro/catkin_ws/src/continuous_yaw/src/continuous_yaw.cpp:111:65:[m[K [01;36m[Knote: [m[Ksuggested alternative: â€˜[01m[Ktime_t[m[Kâ€™
     double pred_velocity = CalcVelocity(dist_travelled_by_veh2, [01;36m[Ktime_taken[m[K);
                                                                 [01;36m[K^~~~~~~~~~[m[K
                                                                 [32m[Ktime_t[m[K
make[2]: *** [CMakeFiles/continuous_yaw.dir/src/continuous_yaw.cpp.o] Error 1
make[1]: *** [CMakeFiles/continuous_yaw.dir/all] Error 2
make: *** [all] Error 2
