[01m[K/home/jethro/catkin_ws/src/continuous_yaw/src/continuous_yaw.cpp:[m[K In function â€˜[01m[Kvoid CalcFollowingParam(gazebo_msgs::ModelStates)[m[Kâ€™:
[01m[K/home/jethro/catkin_ws/src/continuous_yaw/src/continuous_yaw.cpp:132:95:[m[K [01;31m[Kerror: [m[Kâ€˜[01m[Klocked_distance_btw_min[m[Kâ€™ was not declared in this scope
     if (cur_distance_btw >= locked_distance_btw + degree_of_error_dist || cur_distance_btw <= [01;31m[Klocked_distance_btw_min[m[K + degree_of_error_dist)
                                                                                               [01;31m[K^~~~~~~~~~~~~~~~~~~~~~~[m[K
[01m[K/home/jethro/catkin_ws/src/continuous_yaw/src/continuous_yaw.cpp:132:95:[m[K [01;36m[Knote: [m[Ksuggested alternative: â€˜[01m[Klocked_distance_btw[m[Kâ€™
     if (cur_distance_btw >= locked_distance_btw + degree_of_error_dist || cur_distance_btw <= [01;36m[Klocked_distance_btw_min[m[K + degree_of_error_dist)
                                                                                               [01;36m[K^~~~~~~~~~~~~~~~~~~~~~~[m[K
                                                                                               [32m[Klocked_distance_btw[m[K
make[2]: *** [CMakeFiles/continuous_yaw.dir/src/continuous_yaw.cpp.o] Error 1
make[1]: *** [CMakeFiles/continuous_yaw.dir/all] Error 2
make: *** [all] Error 2
