[01m[K/home/jethro/catkin_ws/src/continuous_yaw/src/continuous_yaw.cpp:[m[K In function â€˜[01m[Kvoid CalcAngle(gazebo_msgs::ModelStates)[m[Kâ€™:
[01m[K/home/jethro/catkin_ws/src/continuous_yaw/src/continuous_yaw.cpp:88:37:[m[K [01;31m[Kerror: [m[Kâ€˜[01m[KCalcDistance[m[Kâ€™ was not declared in this scope
     double dist_travelled_by_veh2 = [01;31m[KCalcDistance[m[K(t_prev_x, t_prev_y, t_prev_z, t_curr_x, t_curr_y, t_curr_z);
                                     [01;31m[K^~~~~~~~~~~~[m[K
[01m[K/home/jethro/catkin_ws/src/continuous_yaw/src/continuous_yaw.cpp:99:28:[m[K [01;31m[Kerror: [m[Kâ€˜[01m[KCalcVelocity[m[Kâ€™ was not declared in this scope
     double pred_velocity = [01;31m[KCalcVelocity[m[K(dist_travelled_by_veh2, time_taken);
                            [01;31m[K^~~~~~~~~~~~[m[K
[01m[K/home/jethro/catkin_ws/src/continuous_yaw/src/continuous_yaw.cpp:99:28:[m[K [01;36m[Knote: [m[Ksuggested alternative: â€˜[01m[Kpred_velocity[m[Kâ€™
     double pred_velocity = [01;36m[KCalcVelocity[m[K(dist_travelled_by_veh2, time_taken);
                            [01;36m[K^~~~~~~~~~~~[m[K
                            [32m[Kpred_velocity[m[K
make[2]: *** [CMakeFiles/continuous_yaw.dir/src/continuous_yaw.cpp.o] Error 1
make[1]: *** [CMakeFiles/continuous_yaw.dir/all] Error 2
make: *** [all] Error 2
